<?xml version="1.0" encoding="UTF-8"?>
<testsuite xmlns:xsi="http://www.w3.org/2001/XMLSchema-instance" xsi:noNamespaceSchemaLocation="https://maven.apache.org/surefire/maven-surefire-plugin/xsd/surefire-test-report.xsd" name="com.wmm.tickets.infrastructure.adapters.ouput.mongodb.MongoTemplateTest" time="9.674" tests="3" errors="0" skipped="0" failures="0">
  <properties>
[...]
</properties>
  <testcase name="testGroupAndSumValues{MongoTemplate}" classname="com.wmm.tickets.infrastructure.adapters.ouput.mongodb.MongoTemplateTest" time="0.205"/>
  <testcase name="test{MongoTemplate}" classname="com.wmm.tickets.infrastructure.adapters.ouput.mongodb.MongoTemplateTest" time="0"/>
  <testcase name="test2{MongoTemplate}" classname="com.wmm.tickets.infrastructure.adapters.ouput.mongodb.MongoTemplateTest" time="0.039"/>
</testsuite>