<?xml version="1.0" encoding="UTF-8" standalone="yes"?><!DOCTYPE report PUBLIC "-//JACOCO//DTD Report 1.1//EN" "report.dtd"><report name="wmm-api-tickets-application"><sessioninfo id="LAPTOP-1UST3QJA-52798f25" start="1657634990109" dump="1657634992745"/><sessioninfo id="LAPTOP-1UST3QJA-2775c8ef" start="1657635029111" dump="1657635031069"/><sessioninfo id="LAPTOP-1UST3QJA-3f09373d" start="1657635203714" dump="1657635205622"/><package name="com/wmm/tickets/application/ports/output"><class name="com/wmm/tickets/application/ports/output/AmountTicketOutputPort" sourcefilename="AmountTicketOutputPort.java"/><sourcefile name="AmountTicketOutputPort.java"/></package><package name="com/wmm/tickets/application/ports/input"><class name="com/wmm/tickets/application/ports/input/AmountTicketsInputPort" sourcefilename="AmountTicketsInputPort.java"><method name="incomesAmount" desc="(Lcom/wmm/tickets/domain/request/TicketRequest;)Ljava/math/BigDecimal;" line="20"><counter type="INSTRUCTION" missed="0" covered="13"/><counter type="LINE" missed="0" covered="3"/><counter type="COMPLEXITY" missed="0" covered="1"/><counter type="METHOD" missed="0" covered="1"/></method><method name="outcomesAmount" desc="(Lcom/wmm/tickets/domain/request/TicketRequest;)Ljava/math/BigDecimal;" line="27"><counter type="INSTRUCTION" missed="0" covered="13"/><counter type="LINE" missed="0" covered="2"/><counter type="COMPLEXITY" missed="0" covered="1"/><counter type="METHOD" missed="0" covered="1"/></method><method name="&lt;init&gt;" desc="(Lcom/wmm/tickets/application/ports/output/AmountTicketOutputPort;)V" line="13"><counter type="INSTRUCTION" missed="0" covered="6"/><counter type="LINE" missed="0" covered="1"/><counter type="COMPLEXITY" missed="0" covered="1"/><counter type="METHOD" missed="0" covered="1"/></method><counter type="INSTRUCTION" missed="0" covered="32"/><counter type="LINE" missed="0" covered="6"/><counter type="COMPLEXITY" missed="0" covered="3"/><counter type="METHOD" missed="0" covered="3"/><counter type="CLASS" missed="0" covered="1"/></class><sourcefile name="AmountTicketsInputPort.java"><line nr="13" mi="0" ci="6" mb="0" cb="0"/><line nr="20" mi="0" ci="2" mb="0" cb="0"/><line nr="21" mi="0" ci="8" mb="0" cb="0"/><line nr="22" mi="0" ci="3" mb="0" cb="0"/><line nr="27" mi="0" ci="2" mb="0" cb="0"/><line nr="28" mi="0" ci="11" mb="0" cb="0"/><counter type="INSTRUCTION" missed="0" covered="32"/><counter type="LINE" missed="0" covered="6"/><counter type="COMPLEXITY" missed="0" covered="3"/><counter type="METHOD" missed="0" covered="3"/><counter type="CLASS" missed="0" covered="1"/></sourcefile><counter type="INSTRUCTION" missed="0" covered="32"/><counter type="LINE" missed="0" covered="6"/><counter type="COMPLEXITY" missed="0" covered="3"/><counter type="METHOD" missed="0" covered="3"/><counter type="CLASS" missed="0" covered="1"/></package><package name="com/wmm/tickets/application/usecases"><class name="com/wmm/tickets/application/usecases/TicketsUseCase" sourcefilename="TicketsUseCase.java"/><sourcefile name="TicketsUseCase.java"/></package><counter type="INSTRUCTION" missed="0" covered="32"/><counter type="LINE" missed="0" covered="6"/><counter type="COMPLEXITY" missed="0" covered="3"/><counter type="METHOD" missed="0" covered="3"/><counter type="CLASS" missed="0" covered="1"/></report>