<?xml version="1.0" encoding="UTF-8" standalone="yes"?><!DOCTYPE report PUBLIC "-//JACOCO//DTD Report 1.1//EN" "report.dtd"><report name="wmm-api-tickets-application"><sessioninfo id="LAPTOP-1UST3QJA-5dea9ecb" start="1657076176854" dump="1657076179121"/><package name="com/wmm/tickets/application/ports/output"><class name="com/wmm/tickets/application/ports/output/AmountTicketOutputPort" sourcefilename="AmountTicketOutputPort.java"/><sourcefile name="AmountTicketOutputPort.java"/></package><package name="com/wmm/tickets/application/ports/input"><class name="com/wmm/tickets/application/ports/input/AmountTicketsInputPort" sourcefilename="AmountTicketsInputPort.java"><method name="incomes" desc="(Ljava/lang/String;)Ljava/lang/Double;" line="15"><counter type="INSTRUCTION" missed="0" covered="6"/><counter type="LINE" missed="0" covered="1"/><counter type="COMPLEXITY" missed="0" covered="1"/><counter type="METHOD" missed="0" covered="1"/></method><method name="outcomes" desc="(Ljava/lang/String;)Ljava/lang/Double;" line="20"><counter type="INSTRUCTION" missed="0" covered="6"/><counter type="LINE" missed="0" covered="1"/><counter type="COMPLEXITY" missed="0" covered="1"/><counter type="METHOD" missed="0" covered="1"/></method><method name="&lt;init&gt;" desc="(Lcom/wmm/tickets/application/ports/output/AmountTicketOutputPort;)V" line="8"><counter type="INSTRUCTION" missed="0" covered="6"/><counter type="LINE" missed="0" covered="1"/><counter type="COMPLEXITY" missed="0" covered="1"/><counter type="METHOD" missed="0" covered="1"/></method><counter type="INSTRUCTION" missed="0" covered="18"/><counter type="LINE" missed="0" covered="3"/><counter type="COMPLEXITY" missed="0" covered="3"/><counter type="METHOD" missed="0" covered="3"/><counter type="CLASS" missed="0" covered="1"/></class><sourcefile name="AmountTicketsInputPort.java"><line nr="8" mi="0" ci="6" mb="0" cb="0"/><line nr="15" mi="0" ci="6" mb="0" cb="0"/><line nr="20" mi="0" ci="6" mb="0" cb="0"/><counter type="INSTRUCTION" missed="0" covered="18"/><counter type="LINE" missed="0" covered="3"/><counter type="COMPLEXITY" missed="0" covered="3"/><counter type="METHOD" missed="0" covered="3"/><counter type="CLASS" missed="0" covered="1"/></sourcefile><counter type="INSTRUCTION" missed="0" covered="18"/><counter type="LINE" missed="0" covered="3"/><counter type="COMPLEXITY" missed="0" covered="3"/><counter type="METHOD" missed="0" covered="3"/><counter type="CLASS" missed="0" covered="1"/></package><package name="com/wmm/tickets/application/usecase"><class name="com/wmm/tickets/application/usecase/AmountTicketsUseCase" sourcefilename="AmountTicketsUseCase.java"/><sourcefile name="AmountTicketsUseCase.java"/></package><counter type="INSTRUCTION" missed="0" covered="18"/><counter type="LINE" missed="0" covered="3"/><counter type="COMPLEXITY" missed="0" covered="3"/><counter type="METHOD" missed="0" covered="3"/><counter type="CLASS" missed="0" covered="1"/></report>